SF:lib/repository/models/number.dart
DA:8,1
DA:10,1
DA:11,1
DA:12,1
DA:13,1
DA:14,6
DA:18,0
DA:19,0
DA:20,0
DA:21,0
DA:22,0
LF:11
LH:6
end_of_record
SF:lib/repository/models/person.dart
DA:5,1
DA:7,1
DA:8,1
DA:9,1
DA:10,1
DA:14,0
DA:15,0
DA:16,0
DA:17,0
LF:9
LH:5
end_of_record
SF:lib/repository/spaceperson_service.dart
DA:7,1
DA:9,4
DA:10,2
DA:12,0
DA:13,0
DA:18,1
DA:19,1
DA:23,3
LF:8
LH:6
end_of_record
SF:lib/main.dart
DA:3,0
DA:6,1
DA:8,1
DA:10,1
DA:13,1
DA:19,2
DA:23,1
DA:24,1
DA:30,1
DA:31,2
DA:32,2
DA:36,1
DA:38,1
DA:39,1
DA:40,3
DA:42,1
DA:43,1
DA:45,1
DA:46,1
DA:49,1
DA:50,2
DA:51,3
DA:56,1
DA:57,1
DA:59,1
LF:25
LH:24
end_of_record
