SF:lib/repository/models/number.dart
DA:8,2
DA:10,2
DA:11,2
DA:12,2
DA:13,2
DA:14,12
LF:6
LH:6
end_of_record
SF:lib/repository/models/person.dart
DA:5,2
DA:7,2
DA:8,2
DA:9,2
DA:10,2
LF:5
LH:5
end_of_record
SF:lib/repository/models/person_details.dart
DA:7,1
DA:14,1
DA:15,2
DA:16,2
DA:17,1
DA:18,1
DA:19,1
DA:20,2
DA:21,1
LF:9
LH:9
end_of_record
SF:lib/repository/spaceperson_service.dart
DA:8,2
DA:10,8
DA:11,2
DA:13,1
DA:14,5
DA:19,2
DA:20,2
LF:7
LH:7
end_of_record
SF:lib/repository/spacepersondetail_service.dart
DA:8,1
DA:10,4
DA:11,0
DA:12,0
DA:13,0
DA:18,1
DA:19,1
LF:7
LH:4
end_of_record
SF:lib/shared_state/number_bloc.dart
DA:11,2
DA:12,2
DA:15,2
DA:17,4
DA:18,2
DA:19,2
DA:20,1
DA:21,1
DA:23,1
DA:24,3
DA:38,2
LF:11
LH:11
end_of_record
SF:lib/shared_state/person_detail_bloc.dart
DA:9,1
DA:10,1
DA:13,1
DA:14,2
DA:16,4
DA:24,1
DA:30,1
LF:7
LH:7
end_of_record
SF:lib/main.dart
DA:6,0
DA:9,1
DA:11,1
DA:12,1
DA:13,1
DA:15,1
DA:17,1
DA:22,1
LF:8
LH:7
end_of_record
SF:lib/pages/home_page.dart
DA:8,1
DA:9,1
DA:13,1
DA:15,1
DA:17,2
DA:19,1
DA:20,1
DA:21,1
DA:23,1
DA:24,1
DA:25,1
DA:26,1
DA:27,1
DA:28,1
DA:29,1
DA:32,0
DA:34,0
DA:35,0
DA:37,0
DA:38,0
DA:40,0
DA:41,0
DA:42,0
DA:43,0
DA:45,0
DA:50,0
DA:52,0
DA:53,0
DA:54,0
DA:55,0
DA:56,0
DA:57,0
DA:58,0
DA:59,0
DA:60,0
DA:61,0
DA:62,0
LF:37
LH:15
end_of_record
SF:lib/pages/person_detail_page.dart
DA:10,0
DA:12,0
DA:13,0
DA:19,0
DA:21,0
DA:22,0
DA:23,0
DA:26,0
DA:28,0
DA:29,0
DA:30,0
DA:31,0
DA:32,0
DA:33,0
DA:34,0
DA:35,0
DA:36,0
DA:37,0
DA:38,0
DA:40,0
DA:43,0
DA:44,0
DA:45,0
DA:46,0
DA:49,0
DA:50,0
DA:52,0
DA:53,0
DA:54,0
DA:55,0
DA:57,0
DA:58,0
DA:59,0
DA:66,0
DA:67,0
DA:68,0
DA:69,0
LF:37
LH:0
end_of_record
